<?xml version="1.0" encoding="UTF-8" ?>
<testsuites>
  <testsuite errors="0" failures="0" hostname="DESKTOP-AIR0GNA" id="0" name="JUnit Jupiter" package="" skipped="0" tests="5" time="0.031" timestamp="2018-11-05T18:10:56">
    <properties>
[...]
</properties>

    <testcase classname="test.java.SortDemoTest" name="NoNumber()" time="0.015">
      <system-out><![CDATA[
unique-id: [engine:junit-jupiter]/[class:test.java.SortDemoTest]/[method:NoNumber()]
display-name: NoNumber()
]]></system-out>

    </testcase>

    <testcase classname="test.java.SortDemoTest" name="testNumber()" time="0">
      <system-out><![CDATA[
unique-id: [engine:junit-jupiter]/[class:test.java.SortDemoTest]/[method:testNumber()]
display-name: testNumber()
]]></system-out>

    </testcase>

    <testcase classname="test.java.SortDemoTest" name="NoSuchElem()" time="0">
      <system-out><![CDATA[
unique-id: [engine:junit-jupiter]/[class:test.java.SortDemoTest]/[method:NoSuchElem()]
display-name: NoSuchElem()
]]></system-out>

    </testcase>

    <testcase classname="test.java.SortDemoTest" name="NonIntegerValue()" time="0">
      <system-out><![CDATA[
unique-id: [engine:junit-jupiter]/[class:test.java.SortDemoTest]/[method:NonIntegerValue()]
display-name: NonIntegerValue()
]]></system-out>

    </testcase>

    <testcase classname="test.java.SortDemoTest" name="negativeArraySize()" time="0">
      <system-out><![CDATA[
unique-id: [engine:junit-jupiter]/[class:test.java.SortDemoTest]/[method:negativeArraySize()]
display-name: negativeArraySize()
]]></system-out>

    </testcase>

    <system-out><![CDATA[
unique-id: [engine:junit-jupiter]
display-name: JUnit Jupiter
]]></system-out>

  </testsuite>
  <testsuite errors="0" failures="0" hostname="DESKTOP-AIR0GNA" id="1" name="JUnit Vintage" package="" skipped="0" tests="0" time="0.016" timestamp="2018-11-05T18:10:56">
    <properties>
[...]
</properties>

    <system-out><![CDATA[
unique-id: [engine:junit-vintage]
display-name: JUnit Vintage
]]></system-out>

  </testsuite>
</testsuites>
